{
  "RSpec": {
    "coverage": {
      "/home/danilo/Repositorios/rebase/study/rails-graphql/spec/support/api_macro.rb": {
        "lines": [
          null,
          null,
          1,
          null,
          1,
          1,
          0,
          null,
          null
        ]
      },
      "/home/danilo/Repositorios/rebase/study/rails-graphql/spec/support/vcr_setup.rb": {
        "lines": [
          1,
          null,
          1,
          1,
          1,
          null
        ]
      },
      "/home/danilo/Repositorios/rebase/study/rails-graphql/app/services/api/google_cloud/people/register_service.rb": {
        "lines": [
          1,
          1,
          1,
          1,
          1,
          1,
          1,
          null,
          null,
          1,
          1,
          null,
          null,
          null,
          null,
          null,
          null,
          null,
          null
        ]
      },
      "/home/danilo/Repositorios/rebase/study/rails-graphql/app/services/application_service.rb": {
        "lines": [
          null,
          null,
          null,
          1,
          1,
          null,
          1,
          2,
          null,
          null
        ]
      },
      "/home/danilo/Repositorios/rebase/study/rails-graphql/app/services/api/google_cloud/auth/authentication_service.rb": {
        "lines": [
          null,
          null,
          1,
          1,
          1,
          null,
          1,
          1,
          1,
          null,
          1,
          1,
          1,
          1,
          1,
          null,
          null,
          1,
          1,
          null,
          null,
          null,
          null,
          null,
          null,
          null
        ]
      },
      "/home/danilo/Repositorios/rebase/study/rails-graphql/app/services/api/google_cloud/auth/base.rb": {
        "lines": [
          null,
          null,
          1,
          null,
          1,
          1,
          1,
          1,
          1,
          1,
          null,
          1,
          null,
          null,
          null,
          null,
          null,
          null,
          1,
          2,
          2,
          null,
          null,
          1,
          0,
          null,
          null,
          1,
          1,
          null,
          null,
          null,
          null,
          null
        ]
      }
    },
    "timestamp": 1649079408
  }
}
